# Logfile created on 2013-11-14 12:11:49 +0100 by logger.rb/36483
REQUESTING PAGE: GET / with {} and HTTP headers {}
REQUESTING PAGE: GET //about with {} and HTTP headers {"HTTP_REFERER"=>"/"}
REQUESTING PAGE: GET / with {} and HTTP headers {}
REQUESTING PAGE: GET //about with {} and HTTP headers {"HTTP_REFERER"=>"/"}
REQUESTING PAGE: GET / with {} and HTTP headers {}
REQUESTING PAGE: GET //about with {} and HTTP headers {"HTTP_REFERER"=>"/"}
REQUESTING PAGE: GET / with {} and HTTP headers {}
REQUESTING PAGE: GET //about with {} and HTTP headers {"HTTP_REFERER"=>"/"}
REQUESTING PAGE: GET / with {} and HTTP headers {}
REQUESTING PAGE: GET //about with {} and HTTP headers {"HTTP_REFERER"=>"/"}
REQUESTING PAGE: GET / with {} and HTTP headers {}
REQUESTING PAGE: GET //about with {} and HTTP headers {"HTTP_REFERER"=>"/"}
REQUESTING PAGE: GET / with {} and HTTP headers {}
REQUESTING PAGE: GET //about with {} and HTTP headers {"HTTP_REFERER"=>"/"}
REQUESTING PAGE: GET //about/help with {} and HTTP headers {"HTTP_REFERER"=>"//about"}
REQUESTING PAGE: GET //about/help/contact with {} and HTTP headers {"HTTP_REFERER"=>"//about/help"}
REQUESTING PAGE: GET / with {} and HTTP headers {}
REQUESTING PAGE: GET //about with {} and HTTP headers {"HTTP_REFERER"=>"/"}
REQUESTING PAGE: GET / with {} and HTTP headers {"HTTP_REFERER"=>"//about"}
REQUESTING PAGE: GET //help with {} and HTTP headers {"HTTP_REFERER"=>"/"}
